<?xml version="1.0" encoding="UTF-8"?>
<!-- Generated by org.testng.reporters.JUnitReportReporter -->
<testsuite hostname="LAPTOP-7UOI14JD" failures="0" tests="3" name="g.project7pm.PopIyemsTest" time="73.471" errors="0" timestamp="2022-12-29T19:33:50 IST" skipped="0">
  <testcase classname="g.project7pm.PopIyemsTest" name="spktest" time="20.605"/>
  <system-out/>
  <testcase classname="g.project7pm.PopIyemsTest" name="laptoptest" time="24.027"/>
  <system-out/>
  <testcase classname="g.project7pm.PopIyemsTest" name="Tabletest" time="28.839"/>
  <system-out/>
</testsuite> <!-- g.project7pm.PopIyemsTest -->
